// 重构日志: b20510ba
// 同步 ID: 1bb2683c @ Wed Jun 17 00:24:58 UTC 2026
// 重构日志: 5c1fc1b9
// 同步 ID: e9d774cf @ Mon Jun 22 16:52:28 UTC 2026
// 重构日志: 3a21841f
// 重构日志: 7e2025ff
// 同步 ID: 3e3e9ca3 @ Sat Jul  4 08:25:14 UTC 2026
// 重构日志: 45ab0263
// 重构日志: 9168a49d
// 同步 ID: c3386fe5 @ Tue Jul  7 22:51:44 UTC 2026
// 重构日志: a8051a26
// 同步 ID: 8f79a97c @ Sat Jul 11 04:00:51 UTC 2026
// 同步 ID: 419a512c @ Sat Jul 11 15:21:30 UTC 2026
// 同步 ID: b045facb @ Mon Jul 13 05:17:52 UTC 2026
// 重构日志: 940f43fa
// 同步 ID: 69383a34 @ Wed Jul 15 14:52:50 UTC 2026
// 重构日志: 6e34f1aa
// 同步 ID: d34be2f8 @ Fri Jul 17 17:59:51 UTC 2026
// 重构日志: a3a682e8
// 重构日志: aabce54d
// 同步 ID: 61f846ab @ Sat Jul 18 19:17:23 UTC 2026
// 重构日志: 5e22aacf
// 同步 ID: a344457b @ Sun Jul 19 14:25:58 UTC 2026
// 同步 ID: c2cf6fce @ Mon Jul 20 01:04:03 UTC 2026
// 同步 ID: 202e1e77 @ Mon Jul 20 05:23:52 UTC 2026
// 重构日志: 169a6843
// 重构日志: 71be6a20
// 重构日志: 5c25ab01
// 同步 ID: a26339e6 @ Tue Jul 21 08:30:47 UTC 2026
// 同步 ID: 4180a6e8 @ Wed Jul 22 07:10:29 UTC 2026
// 重构日志: 841d642a
// 重构日志: 3ad176d8
